<?xml version="1.0" encoding="utf-8"?><testsuites name="pytest tests"><testsuite name="pytest" errors="0" failures="0" skipped="0" tests="14" time="49.861" timestamp="2026-04-01T16:16:56.370800+00:00" hostname="agent-env-782dd168-1138-49e2-8b90-dd845e352a5c"><testcase classname="backend.tests.test_google_reviews.TestHealthEndpoints" name="test_api_health" time="0.203" /><testcase classname="backend.tests.test_google_reviews.TestHealthEndpoints" name="test_root_health" time="0.118" /><testcase classname="backend.tests.test_google_reviews.TestGoogleReviewsAPI" name="test_reviews_endpoint_returns_200" time="5.232" /><testcase classname="backend.tests.test_google_reviews.TestGoogleReviewsAPI" name="test_reviews_returns_rating" time="5.208" /><testcase classname="backend.tests.test_google_reviews.TestGoogleReviewsAPI" name="test_reviews_returns_total_reviews" time="5.515" /><testcase classname="backend.tests.test_google_reviews.TestGoogleReviewsAPI" name="test_reviews_returns_reviews_array" time="5.509" /><testcase classname="backend.tests.test_google_reviews.TestGoogleReviewsAPI" name="test_review_has_required_fields" time="5.509" /><testcase classname="backend.tests.test_google_reviews.TestGoogleReviewsAPI" name="test_review_rating_values_valid" time="5.508" /><testcase classname="backend.tests.test_google_reviews.TestGoogleReviewsAPI" name="test_review_author_names_present" time="5.543" /><testcase classname="backend.tests.test_google_reviews.TestGoogleReviewsAPI" name="test_review_text_not_empty" time="5.479" /><testcase classname="backend.tests.test_google_reviews.TestGoogleReviewsAPI" name="test_review_times_valid_format" time="5.511" /><testcase classname="backend.tests.test_google_reviews.TestAPIRootEndpoint" name="test_api_root" time="0.152" /><testcase classname="backend.tests.test_google_reviews.TestReviewsRedirectEndpoint" name="test_redirect_returns_302" time="0.113" /><testcase classname="backend.tests.test_google_reviews.TestReviewsRedirectEndpoint" name="test_redirect_location_header" time="0.105" /></testsuite></testsuites>